0 verbose cli /usr/local/bin/node /usr/local/bin/npm
1 info using npm@10.7.0
2 info using node@v22.2.0
3 silly config:load:file:/usr/local/lib/node_modules/npm/npmrc
4 silly config:load:file:/Users/tieirra/.npmrc
5 silly config:load:file:/usr/local/etc/npmrc
6 verbose title npm install npm@10.8.2
7 verbose argv "install" "--global" "npm@10.8.2"
8 verbose logfile logs-max:10 dir:/Users/tieirra/React2/React2-Project/C:Develnodejsnpm-cache/_logs/2024-08-12T03_28_10_965Z-
9 verbose logfile /Users/tieirra/React2/React2-Project/C:Develnodejsnpm-cache/_logs/2024-08-12T03_28_10_965Z-debug-0.log
10 silly logfile done cleaning log files
11 http fetch GET 200 https://registry.npmjs.org/npm 288ms (cache miss)
12 silly idealTree buildDeps
13 silly fetch manifest npm@10.8.2
14 http fetch GET 200 https://registry.npmjs.org/npm 1027ms (cache miss)
15 silly placeDep ROOT npm@10.8.2 OK for:  want: 10.8.2
16 silly reify mark retired [
16 silly reify   '/usr/local/lib/node_modules/npm',
16 silly reify   '/usr/local/bin/npm',
16 silly reify   '/usr/local/bin/npx'
16 silly reify ]
17 silly reify moves {
17 silly reify   '/usr/local/lib/node_modules/npm': '/usr/local/lib/node_modules/.npm-i9nnxROI',
17 silly reify   '/usr/local/bin/npm': '/usr/local/bin/.npm-uJtxIR1m',
17 silly reify   '/usr/local/bin/npx': '/usr/local/bin/.npx-xXo12k2C'
17 silly reify }
18 verbose stack Error: EACCES: permission denied, rename '/usr/local/lib/node_modules/npm' -> '/usr/local/lib/node_modules/.npm-i9nnxROI'
18 verbose stack     at async Object.rename (node:internal/fs/promises:787:10)
18 verbose stack     at async moveFile (/usr/local/lib/node_modules/npm/node_modules/@npmcli/fs/lib/move-file.js:30:5)
18 verbose stack     at async Promise.allSettled (index 0)
18 verbose stack     at async [reifyPackages] (/usr/local/lib/node_modules/npm/node_modules/@npmcli/arborist/lib/arborist/reify.js:325:11)
18 verbose stack     at async Arborist.reify (/usr/local/lib/node_modules/npm/node_modules/@npmcli/arborist/lib/arborist/reify.js:142:5)
18 verbose stack     at async Install.exec (/usr/local/lib/node_modules/npm/lib/commands/install.js:150:5)
18 verbose stack     at async module.exports (/usr/local/lib/node_modules/npm/lib/cli/entry.js:74:5)
19 verbose cwd /Users/tieirra/React2/React2-Project
20 verbose Darwin 21.2.0
21 verbose node v22.2.0
22 verbose npm  v10.7.0
23 error code EACCES
24 error syscall rename
25 error path /usr/local/lib/node_modules/npm
26 error dest /usr/local/lib/node_modules/.npm-i9nnxROI
27 error errno -13
28 error Error: EACCES: permission denied, rename '/usr/local/lib/node_modules/npm' -> '/usr/local/lib/node_modules/.npm-i9nnxROI'
28 error     at async Object.rename (node:internal/fs/promises:787:10)
28 error     at async moveFile (/usr/local/lib/node_modules/npm/node_modules/@npmcli/fs/lib/move-file.js:30:5)
28 error     at async Promise.allSettled (index 0)
28 error     at async [reifyPackages] (/usr/local/lib/node_modules/npm/node_modules/@npmcli/arborist/lib/arborist/reify.js:325:11)
28 error     at async Arborist.reify (/usr/local/lib/node_modules/npm/node_modules/@npmcli/arborist/lib/arborist/reify.js:142:5)
28 error     at async Install.exec (/usr/local/lib/node_modules/npm/lib/commands/install.js:150:5)
28 error     at async module.exports (/usr/local/lib/node_modules/npm/lib/cli/entry.js:74:5) {
28 error   errno: -13,
28 error   code: 'EACCES',
28 error   syscall: 'rename',
28 error   path: '/usr/local/lib/node_modules/npm',
28 error   dest: '/usr/local/lib/node_modules/.npm-i9nnxROI'
28 error }
29 error
29 error The operation was rejected by your operating system.
29 error It is likely you do not have the permissions to access this file as the current user
29 error
29 error If you believe this might be a permissions issue, please double-check the
29 error permissions of the file and its containing directories, or try running
29 error the command again as root/Administrator.
30 verbose exit -13
31 verbose code -13
32 silly unfinished npm timer reify 1723433292578
33 silly unfinished npm timer reify:retireShallow 1723433294340
34 error A complete log of this run can be found in: /Users/tieirra/React2/React2-Project/C:Develnodejsnpm-cache/_logs/2024-08-12T03_28_10_965Z-debug-0.log
