0 verbose cli /usr/local/bin/node /usr/local/bin/npm
1 info using npm@10.7.0
2 info using node@v22.2.0
3 silly config:load:file:/usr/local/lib/node_modules/npm/npmrc
4 silly config:load:file:/Users/tieirra/.npmrc
5 silly config:load:file:/usr/local/etc/npmrc
6 verbose title npm start
7 verbose argv "start"
8 verbose logfile logs-max:10 dir:/Users/tieirra/React2/React2-Project/C:Develnodejsnpm-cache/_logs/2024-08-12T03_36_23_649Z-
9 verbose logfile /Users/tieirra/React2/React2-Project/C:Develnodejsnpm-cache/_logs/2024-08-12T03_36_23_649Z-debug-0.log
10 silly logfile done cleaning log files
11 verbose stack Error: Missing script: "start"
11 verbose stack
11 verbose stack Did you mean one of these?
11 verbose stack   npm star # Mark your favorite packages
11 verbose stack   npm stars # View packages marked as favorites
11 verbose stack
11 verbose stack To see a list of scripts, run:
11 verbose stack   npm run
11 verbose stack     at RunScript.run (/usr/local/lib/node_modules/npm/lib/commands/run-script.js:79:13)
11 verbose stack     at async module.exports (/usr/local/lib/node_modules/npm/lib/cli/entry.js:74:5)
12 verbose cwd /Users/tieirra/React2/React2-Project
13 verbose Darwin 21.2.0
14 verbose node v22.2.0
15 verbose npm  v10.7.0
16 error Missing script: "start"
16 error
16 error Did you mean one of these?
16 error   npm star # Mark your favorite packages
16 error   npm stars # View packages marked as favorites
16 error
16 error To see a list of scripts, run:
16 error   npm run
17 verbose exit 1
18 verbose code 1
19 error A complete log of this run can be found in: /Users/tieirra/React2/React2-Project/C:Develnodejsnpm-cache/_logs/2024-08-12T03_36_23_649Z-debug-0.log
